<?xml version="1.0" encoding="UTF-8"?>
<testsuite name="com.mjc.school.service.implementation.NewsServiceTest" tests="5" skipped="0" failures="0" errors="0" timestamp="2023-02-01T09:48:29" hostname="DESKTOP-2R46MIE" time="0.133">
  <properties/>
  <testcase name="create()" classname="com.mjc.school.service.implementation.NewsServiceTest" time="0.044"/>
  <testcase name="readById()" classname="com.mjc.school.service.implementation.NewsServiceTest" time="0.002"/>
  <testcase name="update()" classname="com.mjc.school.service.implementation.NewsServiceTest" time="0.001"/>
  <testcase name="givenSizeOfFullListWhenGetAllThenReturnListOfAllNews()" classname="com.mjc.school.service.implementation.NewsServiceTest" time="0.077"/>
  <testcase name="deleteById()" classname="com.mjc.school.service.implementation.NewsServiceTest" time="0.001"/>
  <system-out><![CDATA[]]></system-out>
  <system-err><![CDATA[SLF4J: Failed to load class "org.slf4j.impl.StaticLoggerBinder".
SLF4J: Defaulting to no-operation (NOP) logger implementation
SLF4J: See http://www.slf4j.org/codes.html#StaticLoggerBinder for further details.
]]></system-err>
</testsuite>
